<?xml version="1.0" encoding="UTF-8"?>
<!-- Generated by org.testng.reporters.JUnitReportReporter -->
<testsuite hostname="Ashu" failures="0" tests="2" name="com.Cgs.maven.com.Cgs.maven.TestClass" time="7.346" errors="0" timestamp="2023-10-27T18:51:21 IST" skipped="0">
  <testcase classname="com.Cgs.maven.com.Cgs.maven.TestClass" name="test2" time="3.107"/>
  <testcase classname="com.Cgs.maven.com.Cgs.maven.TestClass" name="test1" time="4.239"/>
</testsuite> <!-- com.Cgs.maven.com.Cgs.maven.TestClass -->
