<?xml version="1.0" encoding="UTF-8"?>
<!-- Generated by org.testng.reporters.JUnitReportReporter -->
<testsuite hostname="Ashu" failures="0" tests="1" name="com.Cgs.maven.com.Cgs.maven.TestClass2Logger" time="3.466" errors="0" timestamp="2023-10-28T01:53:25 IST" skipped="0">
  <testcase classname="com.Cgs.maven.com.Cgs.maven.TestClass2Logger" name="test1" time="3.466"/>
</testsuite> <!-- com.Cgs.maven.com.Cgs.maven.TestClass2Logger -->
